<?xml version="1.0" encoding="UTF-8"?>
<testng-results ignored="0" total="8" passed="8" failed="0" skipped="0">
  <reporter-output>
  </reporter-output>
  <suite started-at="2025-03-05T13:08:11 IST" name="Suite" finished-at="2025-03-05T13:09:13 IST" duration-ms="62287">
    <groups>
      <group name="sanity">
        <method signature="doctor_testcase.verifyTitleOfTheHomePage()[pri:1, instance:testcases.doctor_testcase@1950e8a6]" name="verifyTitleOfTheHomePage" class="testcases.doctor_testcase"/>
        <method signature="doctor_testcase.verifyAllSubModulesArePresent()[pri:2, instance:testcases.doctor_testcase@1950e8a6]" name="verifyAllSubModulesArePresent" class="testcases.doctor_testcase"/>
        <method signature="doctor_testcase.validateTheCheckBox()[pri:3, instance:testcases.doctor_testcase@1950e8a6]" name="validateTheCheckBox" class="testcases.doctor_testcase"/>
        <method signature="doctor_testcase.selectNEUROSURGERYFromDepartmentDropdownAndVerifySelection()[pri:4, instance:testcases.doctor_testcase@1950e8a6]" name="selectNEUROSURGERYFromDepartmentDropdownAndVerifySelection" class="testcases.doctor_testcase"/>
        <method signature="doctor_testcase.verifyTheButtonsArePresentOrNot()[pri:5, instance:testcases.doctor_testcase@1950e8a6]" name="verifyTheButtonsArePresentOrNot" class="testcases.doctor_testcase"/>
        <method signature="doctor_testcase.verifyTitleOfTheForm()[pri:6, instance:testcases.doctor_testcase@1950e8a6]" name="verifyTitleOfTheForm" class="testcases.doctor_testcase"/>
        <method signature="doctor_testcase.verifyTheName()[pri:7, instance:testcases.doctor_testcase@1950e8a6]" name="verifyTheName" class="testcases.doctor_testcase"/>
        <method signature="doctor_testcase.verifyTheErrorMessage()[pri:8, instance:testcases.doctor_testcase@1950e8a6]" name="verifyTheErrorMessage" class="testcases.doctor_testcase"/>
      </group> <!-- sanity -->
    </groups>
    <test started-at="2025-03-05T13:08:11 IST" name="Test" finished-at="2025-03-05T13:09:13 IST" duration-ms="62287">
      <class name="testcases.doctor_testcase">
        <test-method is-config="true" signature="initBrowser(java.lang.String,java.lang.String)[pri:0, instance:testcases.doctor_testcase@1950e8a6]" started-at="2025-03-05T13:08:11 IST" name="initBrowser" finished-at="2025-03-05T13:08:17 IST" duration-ms="5850" status="PASS">
          <params>
            <param index="0">
              <value>
                <![CDATA[chrome]]>
              </value>
            </param>
            <param index="1">
              <value>
                <![CDATA[dev]]>
              </value>
            </param>
          </params>
          <reporter-output>
          </reporter-output>
        </test-method> <!-- initBrowser -->
        <test-method signature="verifyTitleOfTheHomePage()[pri:1, instance:testcases.doctor_testcase@1950e8a6]" started-at="2025-03-05T13:08:17 IST" name="verifyTitleOfTheHomePage" description="Verify Title &amp; URL: Check if the title  &amp; URL matches the expected title" finished-at="2025-03-05T13:08:22 IST" duration-ms="5429" status="PASS">
          <reporter-output>
          </reporter-output>
        </test-method> <!-- verifyTitleOfTheHomePage -->
        <test-method signature="verifyAllSubModulesArePresent()[pri:2, instance:testcases.doctor_testcase@1950e8a6]" started-at="2025-03-05T13:08:26 IST" name="verifyAllSubModulesArePresent" description="Verify that Doctor module is present or not ,If Present then expand the Doctor module and verify all presence of sub mudules under the Doctor module" finished-at="2025-03-05T13:08:27 IST" duration-ms="809" status="PASS">
          <reporter-output>
          </reporter-output>
        </test-method> <!-- verifyAllSubModulesArePresent -->
        <test-method signature="validateTheCheckBox()[pri:3, instance:testcases.doctor_testcase@1950e8a6]" started-at="2025-03-05T13:08:30 IST" name="validateTheCheckBox" description="On the Doctor Module&#039;s &quot;Out Patient&quot; Sub module, select the &quot;Show Doctor Wise Patient List&quot; check box and verify that is &quot;Show Doctor Wise Patient List&quot; check box is selected or not? After validation, uncheck the &quot;Show Doctor Wise Patient List&quot; check box" finished-at="2025-03-05T13:08:34 IST" duration-ms="3326" status="PASS">
          <reporter-output>
          </reporter-output>
        </test-method> <!-- validateTheCheckBox -->
        <test-method signature="selectNEUROSURGERYFromDepartmentDropdownAndVerifySelection()[pri:4, instance:testcases.doctor_testcase@1950e8a6]" started-at="2025-03-05T13:08:37 IST" name="selectNEUROSURGERYFromDepartmentDropdownAndVerifySelection" description="On the Doctor Module&#039;s &quot;In Patient Department&quot; Sub-Module,
verify that &quot;Department filter&quot; dropdown is Present.
If present, then select the &quot;NEUROSURGERY&quot;
from the &quot;Department filter&quot; dropdown and 
validate  &quot;NEUROSURGERY&quot; is selected or not?" finished-at="2025-03-05T13:08:38 IST" duration-ms="1414" status="PASS">
          <reporter-output>
          </reporter-output>
        </test-method> <!-- selectNEUROSURGERYFromDepartmentDropdownAndVerifySelection -->
        <test-method signature="verifyTheButtonsArePresentOrNot()[pri:5, instance:testcases.doctor_testcase@1950e8a6]" started-at="2025-03-05T13:08:41 IST" name="verifyTheButtonsArePresentOrNot" description="On the Doctor Module&#039;s &quot;In Patient Department&quot; Sub-Module, verify that &quot;My Favorites&quot; and &quot;Pending List&quot; buttons are present inside the 
&quot;In Patient Department&quot; Page" finished-at="2025-03-05T13:08:41 IST" duration-ms="168" status="PASS">
          <reporter-output>
          </reporter-output>
        </test-method> <!-- verifyTheButtonsArePresentOrNot -->
        <test-method signature="verifyTitleOfTheForm()[pri:6, instance:testcases.doctor_testcase@1950e8a6]" started-at="2025-03-05T13:08:44 IST" name="verifyTitleOfTheForm" description="On the Doctor Module&#039;s &quot;In Patient Department&quot; Sub-Module, clicking on &quot;Pending List&quot; buttons and it opens pending table record.
Then click on &quot;Show Details&quot; from the first table record and it open the &quot;Free Text Template&quot; form. Then validate the title name of the  &quot;Free Text Template&quot; form" finished-at="2025-03-05T13:08:51 IST" duration-ms="6482" status="PASS">
          <reporter-output>
          </reporter-output>
        </test-method> <!-- verifyTitleOfTheForm -->
        <test-method signature="verifyTheName()[pri:7, instance:testcases.doctor_testcase@1950e8a6]" started-at="2025-03-05T13:08:54 IST" name="verifyTheName" description="On the Doctor Module&#039;s &quot;In Patient Department&quot; Sub-Module, a table record pre display which is filter by department as  &quot;NEUROSURGERY&quot;.
Then get the &quot;Doctor Name&quot; where the &quot;Hospital Number&quot; is &quot;2312000010&quot;.
Then Validate the Doctor Name is Dr. Amit Shah" finished-at="2025-03-05T13:08:58 IST" duration-ms="3292" status="PASS">
          <reporter-output>
          </reporter-output>
        </test-method> <!-- verifyTheName -->
        <test-method signature="verifyTheErrorMessage()[pri:8, instance:testcases.doctor_testcase@1950e8a6]" started-at="2025-03-05T13:09:01 IST" name="verifyTheErrorMessage" description="On the &quot;Surgical History&quot; Menu Tab of Problem module of the Profile &quot;Sonia Gandhi&quot;, clicking on the &quot;+Add New&quot; button from Surgical History List and it will open a &quot;Add Surgical History&quot; form.
Then click on &quot;Add&quot; button of &quot;Add Surgical History&quot; form directly without filling any information, it will throw an error message in &quot;Search Problem*&quot; field. 
Then Validate that Error Message : Select ICD-11 Code" finished-at="2025-03-05T13:09:09 IST" duration-ms="8550" status="PASS">
          <reporter-output>
          </reporter-output>
        </test-method> <!-- verifyTheErrorMessage -->
        <test-method is-config="true" signature="tearDown()[pri:0, instance:testcases.doctor_testcase@1950e8a6]" started-at="2025-03-05T13:09:13 IST" name="tearDown" finished-at="2025-03-05T13:09:13 IST" duration-ms="260" status="PASS">
          <reporter-output>
          </reporter-output>
        </test-method> <!-- tearDown -->
      </class> <!-- testcases.doctor_testcase -->
    </test> <!-- Test -->
  </suite> <!-- Suite -->
</testng-results>
